\BOOKMARK [0][-]{cover.0}{\376\377\134\001\227\142}{}% 1
\BOOKMARK [0][-]{toc.0}{\376\377\166\356\137\125}{}% 2
\BOOKMARK [0][-]{chapter.1}{\376\377\0001\000\040\176\352\213\272}{}% 3
\BOOKMARK [1][-]{section.1.1}{\376\377\0001\000.\0001\000\040\220\011\230\230\200\314\146\157\060\001\166\356\166\204\124\214\141\017\116\111}{chapter.1}% 4
\BOOKMARK [1][-]{section.1.2}{\376\377\0001\000.\0002\000\040\126\375\121\205\131\026\170\024\172\166\163\260\162\266}{chapter.1}% 5
\BOOKMARK [2][-]{subsection.1.2.1}{\376\377\0001\000.\0002\000.\0001\000\040\126\375\131\026\170\024\172\166\163\260\162\266}{section.1.2}% 6
\BOOKMARK [2][-]{subsection.1.2.2}{\376\377\0001\000.\0002\000.\0002\000\040\126\375\121\205\170\024\172\166\163\260\162\266}{section.1.2}% 7
\BOOKMARK [1][-]{section.1.3}{\376\377\0001\000.\0003\000\040\170\024\172\166\121\205\133\271\116\016\213\272\145\207\176\323\147\204\133\211\143\222}{chapter.1}% 8
\BOOKMARK [2][-]{subsection.1.3.1}{\376\377\0001\000.\0003\000.\0001\000\040\170\024\172\166\121\205\133\271}{section.1.3}% 9
\BOOKMARK [2][-]{subsection.1.3.2}{\376\377\0001\000.\0003\000.\0002\000\040\213\272\145\207\176\323\147\204\133\211\143\222}{section.1.3}% 10
\BOOKMARK [0][-]{chapter.2}{\376\377\0002\000\040\164\006\213\272\127\372\170\100\116\016\166\370\121\163\142\200\147\057}{}% 11
\BOOKMARK [1][-]{section.2.1}{\376\377\0002\000.\0001\000\040\000B\000/\000S\000\040\147\266\147\204\116\016\122\115\124\016\172\357\122\006\171\273\152\041\137\017}{chapter.2}% 12
\BOOKMARK [1][-]{section.2.2}{\376\377\0002\000.\0002\000\040\000S\000p\000r\000i\000n\000g\000\040\000B\000o\000o\000t\000\040\150\106\147\266}{chapter.2}% 13
\BOOKMARK [1][-]{section.2.3}{\376\377\0002\000.\0003\000\040\000S\000p\000r\000i\000n\000g\000\040\000S\000e\000c\000u\000r\000i\000t\000y\000\040\116\016\000\040\000J\000W\000T\000\040\216\253\116\375\213\244\213\301\147\072\122\066}{chapter.2}% 14
\BOOKMARK [1][-]{section.2.4}{\376\377\0002\000.\0004\000\040\000V\000u\000e\000\040\0003\060\001\000V\000i\000t\000e\000\040\116\016\000\040\000A\000x\000i\000o\000s\000\040\122\115\172\357\142\200\147\057}{chapter.2}% 15
\BOOKMARK [1][-]{section.2.5}{\376\377\0002\000.\0005\000\040\000W\000e\000b\000S\000o\000c\000k\000e\000t\000/\000S\000T\000O\000M\000P\000\040\133\236\145\366\220\032\117\341\142\200\147\057}{chapter.2}% 16
\BOOKMARK [1][-]{section.2.6}{\376\377\0002\000.\0006\000\040\000M\000y\000S\000Q\000L\000\040\116\016\000\040\000J\000P\000A\000\040\145\160\143\156\143\001\116\105\123\026\142\200\147\057}{chapter.2}% 17
\BOOKMARK [1][-]{section.2.7}{\376\377\0002\000.\0007\000\040\147\054\172\340\134\017\176\323}{chapter.2}% 18
\BOOKMARK [0][-]{chapter.3}{\376\377\0003\000\040\174\373\176\337\122\006\147\220\116\016\213\276\213\241}{}% 19
\BOOKMARK [1][-]{section.3.1}{\376\377\0003\000.\0001\000\040\174\373\176\337\151\202\217\360}{chapter.3}% 20
\BOOKMARK [1][-]{section.3.2}{\376\377\0003\000.\0002\000\040\227\000\154\102\122\006\147\220}{chapter.3}% 21
\BOOKMARK [2][-]{subsection.3.2.1}{\376\377\0003\000.\0002\000.\0001\000\040\165\050\142\067\211\322\202\162\122\006\147\220}{section.3.2}% 22
\BOOKMARK [2][-]{subsection.3.2.2}{\376\377\0003\000.\0002\000.\0002\000\040\122\237\200\375\227\000\154\102\122\006\147\220}{section.3.2}% 23
\BOOKMARK [2][-]{subsection.3.2.3}{\376\377\0003\000.\0002\000.\0003\000\040\227\136\122\237\200\375\227\000\154\102\122\006\147\220}{section.3.2}% 24
\BOOKMARK [1][-]{section.3.3}{\376\377\0003\000.\0003\000\040\145\164\117\123\147\266\147\204\213\276\213\241}{chapter.3}% 25
\BOOKMARK [2][-]{subsection.3.3.1}{\376\377\0003\000.\0003\000.\0001\000\040\174\373\176\337\140\073\117\123\147\266\147\204}{section.3.3}% 26
\BOOKMARK [2][-]{subsection.3.3.2}{\376\377\0003\000.\0003\000.\0002\000\040\122\115\124\016\172\357\122\006\134\102\213\276\213\241}{section.3.3}% 27
\BOOKMARK [2][-]{subsection.3.3.3}{\376\377\0003\000.\0003\000.\0003\000\040\147\103\226\120\143\247\122\066\213\276\213\241}{section.3.3}% 28
\BOOKMARK [1][-]{section.3.4}{\376\377\0003\000.\0004\000\040\116\032\122\241\155\101\172\013\213\276\213\241}{chapter.3}% 29
\BOOKMARK [2][-]{subsection.3.4.1}{\376\377\0003\000.\0004\000.\0001\000\040\133\242\142\067\116\013\123\125\116\016\225\000\125\056\133\241\150\070\155\101\172\013}{section.3.4}% 30
\BOOKMARK [2][-]{subsection.3.4.2}{\376\377\0003\000.\0004\000.\0002\000\040\116\323\120\250\123\321\215\047\116\016\136\223\133\130\155\101\217\154\155\101\172\013}{section.3.4}% 31
\BOOKMARK [2][-]{subsection.3.4.3}{\376\377\0003\000.\0004\000.\0003\000\040\165\037\116\247\213\241\122\022\060\001\165\037\116\247\142\147\210\114\116\016\215\050\150\300\155\101\172\013}{section.3.4}% 32
\BOOKMARK [2][-]{subsection.3.4.4}{\376\377\0003\000.\0004\000.\0004\000\040\123\237\147\120\145\231\221\307\215\055\116\016\117\233\136\224\125\106\123\117\124\014\155\101\172\013}{section.3.4}% 33
\BOOKMARK [2][-]{subsection.3.4.5}{\376\377\0003\000.\0004\000.\0005\000\040\136\223\133\130\230\204\213\146\116\016\124\150\213\241\122\022\165\037\142\020\155\101\172\013}{section.3.4}% 34
\BOOKMARK [2][-]{subsection.3.4.6}{\376\377\0003\000.\0004\000.\0006\000\040\215\050\221\317\217\375\156\257\155\101\172\013}{section.3.4}% 35
\BOOKMARK [1][-]{section.3.5}{\376\377\0003\000.\0005\000\040\145\160\143\156\136\223\213\276\213\241}{chapter.3}% 36
\BOOKMARK [2][-]{subsection.3.5.1}{\376\377\0003\000.\0005\000.\0001\000\040\151\202\137\365\176\323\147\204\213\276\213\241}{section.3.5}% 37
\BOOKMARK [2][-]{subsection.3.5.2}{\376\377\0003\000.\0005\000.\0002\000\040\116\073\211\201\145\160\143\156\210\150\213\276\213\241}{section.3.5}% 38
\BOOKMARK [2][-]{subsection.3.5.3}{\376\377\0003\000.\0005\000.\0003\000\040\121\163\225\056\133\236\117\123\121\163\174\373\122\006\147\220}{section.3.5}% 39
\BOOKMARK [0][-]{chapter.4}{\376\377\0004\000\040\174\373\176\337\213\346\176\306\213\276\213\241\116\016\133\236\163\260}{}% 40
\BOOKMARK [1][-]{section.4.1}{\376\377\0004\000.\0001\000\040\137\000\123\321\163\257\130\203\116\016\135\345\121\167}{chapter.4}% 41
\BOOKMARK [1][-]{section.4.2}{\376\377\0004\000.\0002\000\040\124\004\122\237\200\375\152\041\127\127\133\236\163\260}{chapter.4}% 42
\BOOKMARK [2][-]{subsection.4.2.1}{\376\377\0004\000.\0002\000.\0001\000\040\165\050\142\067\213\244\213\301\116\016\215\046\123\367\173\241\164\006\152\041\127\127\133\236\163\260}{section.4.2}% 43
\BOOKMARK [2][-]{subsection.4.2.2}{\376\377\0004\000.\0002\000.\0002\000\040\230\176\133\242\116\013\123\125\116\016\213\242\123\125\173\241\164\006\152\041\127\127\133\236\163\260}{section.4.2}% 44
\BOOKMARK [2][-]{subsection.4.2.3}{\376\377\0004\000.\0002\000.\0003\000\040\225\000\125\056\173\241\164\006\152\041\127\127\133\236\163\260}{section.4.2}% 45
\BOOKMARK [2][-]{subsection.4.2.4}{\376\377\0004\000.\0002\000.\0004\000\040\116\323\136\223\173\241\164\006\116\016\136\223\133\130\230\204\213\146\152\041\127\127\133\236\163\260}{section.4.2}% 46
\BOOKMARK [2][-]{subsection.4.2.5}{\376\377\0004\000.\0002\000.\0005\000\040\165\037\116\247\173\241\164\006\152\041\127\127\133\236\163\260}{section.4.2}% 47
\BOOKMARK [2][-]{subsection.4.2.6}{\376\377\0004\000.\0002\000.\0006\000\040\221\307\215\055\116\016\117\233\136\224\125\106\173\241\164\006\152\041\127\127\133\236\163\260}{section.4.2}% 48
\BOOKMARK [2][-]{subsection.4.2.7}{\376\377\0004\000.\0002\000.\0007\000\040\215\050\150\300\116\016\215\050\221\317\217\375\156\257\152\041\127\127\133\236\163\260}{section.4.2}% 49
\BOOKMARK [2][-]{subsection.4.2.8}{\376\377\0004\000.\0002\000.\0008\000\040\133\236\145\366\155\210\140\157\220\032\167\345\152\041\127\127\133\236\163\260}{section.4.2}% 50
\BOOKMARK [2][-]{subsection.4.2.9}{\376\377\0004\000.\0002\000.\0009\000\040\124\150\213\241\122\022\146\172\200\375\165\037\142\020\152\041\127\127\133\236\163\260}{section.4.2}% 51
\BOOKMARK [0][-]{chapter.5}{\376\377\0005\000\040\150\070\137\303\122\237\200\375\133\236\163\260}{}% 52
\BOOKMARK [1][-]{section.5.1}{\376\377\0005\000.\0001\000\040\127\372\116\216\211\322\202\162\166\204\213\277\225\356\143\247\122\066\116\016\216\253\116\375\213\244\213\301\133\236\163\260}{chapter.5}% 53
\BOOKMARK [1][-]{section.5.2}{\376\377\0005\000.\0002\000\040\213\242\123\125\040\024\116\323\120\250\040\024\165\037\116\247\040\024\215\050\150\300\123\117\124\014\155\101\172\013\133\236\163\260}{chapter.5}% 54
\BOOKMARK [1][-]{section.5.3}{\376\377\0005\000.\0003\000\040\221\307\215\055\040\024\117\233\136\224\125\106\040\024\116\323\136\223\123\117\124\014\155\101\172\013\133\236\163\260}{chapter.5}% 55
\BOOKMARK [1][-]{section.5.4}{\376\377\0005\000.\0004\000\040\136\223\133\130\230\204\213\146\116\016\124\150\213\241\122\022\201\352\122\250\165\037\142\020\173\227\154\325\133\236\163\260}{chapter.5}% 56
\BOOKMARK [1][-]{section.5.5}{\376\377\0005\000.\0005\000\040\133\236\145\366\155\210\140\157\143\250\220\001\116\016\162\266\140\001\124\014\153\145\133\236\163\260}{chapter.5}% 57
\BOOKMARK [1][-]{section.5.6}{\376\377\0005\000.\0006\000\040\215\050\221\317\217\375\156\257\122\237\200\375\133\236\163\260}{chapter.5}% 58
\BOOKMARK [0][-]{chapter.6}{\376\377\0006\000\040\174\373\176\337\155\113\213\325}{}% 59
\BOOKMARK [1][-]{section.6.1}{\376\377\0006\000.\0001\000\040\155\113\213\325\163\257\130\203\116\016\135\345\121\167}{chapter.6}% 60
\BOOKMARK [1][-]{section.6.2}{\376\377\0006\000.\0002\000\040\123\125\121\103\155\113\213\325}{chapter.6}% 61
\BOOKMARK [1][-]{section.6.3}{\376\377\0006\000.\0003\000\040\122\237\200\375\155\113\213\325}{chapter.6}% 62
\BOOKMARK [1][-]{section.6.4}{\376\377\0006\000.\0004\000\040\155\113\213\325\176\323\147\234\122\006\147\220}{chapter.6}% 63
\BOOKMARK [0][-]{chapter.7}{\376\377\0007\000\040\140\073\176\323\116\016\134\125\147\033}{}% 64
\BOOKMARK [1][-]{section.7.1}{\376\377\0007\000.\0001\000\040\135\345\117\134\140\073\176\323}{chapter.7}% 65
\BOOKMARK [1][-]{section.7.2}{\376\377\0007\000.\0002\000\040\170\024\172\166\116\015\215\263\116\016\147\052\147\145\134\125\147\033}{chapter.7}% 66
\BOOKMARK [0][-]{chapter*.10}{\376\377\201\364\214\042}{}% 67
\BOOKMARK [0][-]{chapter*.11}{\376\377\123\302\200\003\145\207\163\056}{}% 68
